<?xml version="1.0" encoding="UTF-8"?>
<!-- Generated by org.testng.reporters.JUnitXMLReporter -->
<testsuite hostname="DESKTOP-BM4NCDP" ignored="0" name="Test" tests="6" failures="0" timestamp="21 Jan 2021 16:33:15 GMT" time="13.547" errors="0">
  <testcase name="postChikenFeedApi" time="5.877" classname="com.Coop.Test.CoopApiTest"/>
  <testcase name="getAppInfo" time="1.19" classname="com.Coop.Test.CoopApiTest"/>
  <testcase name="postEggsCollectApi" time="1.45" classname="com.Coop.Test.CoopApiTest"/>
  <testcase name="postEggsCountApi" time="1.527" classname="com.Coop.Test.CoopApiTest"/>
  <testcase name="postBarnUnlockApi" time="1.436" classname="com.Coop.Test.CoopApiTest"/>
  <testcase name="postSeatDownApi" time="2.011" classname="com.Coop.Test.CoopApiTest"/>
</testsuite> <!-- Test -->
