<?xml version="1.0" encoding="UTF-8"?>
<!-- Generated by org.testng.reporters.JUnitXMLReporter -->
<testsuite hostname="DESKTOP-BM4NCDP" ignored="0" name="Test" tests="6" failures="0" timestamp="04 Feb 2021 04:16:00 GMT" time="13.088" errors="0">
  <testcase name="postChikenFeedApi" time="6.154" classname="com.Coop.Test.CoopApiTest"/>
  <testcase name="getAppInfo" time="1.353" classname="com.Coop.Test.CoopApiTest"/>
  <testcase name="postEggsCollectApi" time="1.509" classname="com.Coop.Test.CoopApiTest"/>
  <testcase name="postEggsCountApi" time="1.311" classname="com.Coop.Test.CoopApiTest"/>
  <testcase name="postBarnUnlockApi" time="1.289" classname="com.Coop.Test.CoopApiTest"/>
  <testcase name="postSeatDownApi" time="1.415" classname="com.Coop.Test.CoopApiTest"/>
</testsuite> <!-- Test -->
